<?xml version="1.0" encoding="UTF-8"?>
<!-- Generated by org.testng.reporters.JUnitXMLReporter -->
<testsuite hostname="admin-PC" ignored="0" name="Default test" tests="3" failures="0" timestamp="25 Apr 2019 05:51:55 GMT" time="32.153" errors="0">
  <testcase name="Valid_Login" time="9.702" classname="Idlidabba.ERP.Cooksheet"/>
  <testcase name="Cook_Sheet" time="8.901" classname="Idlidabba.ERP.Cooksheet"/>
  <testcase name="clientcooksheet" time="2.011" classname="Idlidabba.ERP.Cooksheet"/>
</testsuite> <!-- Default test -->
