<?xml version="1.0" encoding="UTF-8"?>
<testng-results skipped="0" failed="0" ignored="0" total="10" passed="10">
  <reporter-output>
  </reporter-output>
  <suite name="Default suite" duration-ms="56027" started-at="2019-04-25T07:27:51Z" finished-at="2019-04-25T07:28:47Z">
    <groups>
    </groups>
    <test name="Default test" duration-ms="56027" started-at="2019-04-25T07:27:51Z" finished-at="2019-04-25T07:28:47Z">
      <class name="Idlidabba.ERP.VesselPlanner">
        <test-method status="PASS" signature="beforeTest()[pri:0, instance:Idlidabba.ERP.VesselPlanner@cc285f4]" name="beforeTest" is-config="true" duration-ms="9740" started-at="2019-04-25T12:57:51Z" finished-at="2019-04-25T12:58:01Z">
          <reporter-output>
          </reporter-output>
        </test-method> <!-- beforeTest -->
        <test-method status="PASS" signature="Valid_Login()[pri:1, instance:Idlidabba.ERP.VesselPlanner@cc285f4]" name="Valid_Login" duration-ms="8920" started-at="2019-04-25T12:58:01Z" finished-at="2019-04-25T12:58:10Z">
          <reporter-output>
          </reporter-output>
        </test-method> <!-- Valid_Login -->
        <test-method status="PASS" signature="vessels_plan()[pri:2, instance:Idlidabba.ERP.VesselPlanner@cc285f4]" name="vessels_plan" duration-ms="5797" started-at="2019-04-25T12:58:10Z" finished-at="2019-04-25T12:58:16Z">
          <reporter-output>
          </reporter-output>
        </test-method> <!-- vessels_plan -->
        <test-method status="PASS" signature="countcheck()[pri:3, instance:Idlidabba.ERP.VesselPlanner@cc285f4]" name="countcheck" duration-ms="177" started-at="2019-04-25T12:58:16Z" finished-at="2019-04-25T12:58:16Z">
          <reporter-output>
          </reporter-output>
        </test-method> <!-- countcheck -->
        <test-method status="PASS" signature="Vessels_planned()[pri:4, instance:Idlidabba.ERP.VesselPlanner@cc285f4]" name="Vessels_planned" duration-ms="12607" started-at="2019-04-25T12:58:16Z" finished-at="2019-04-25T12:58:28Z">
          <reporter-output>
          </reporter-output>
        </test-method> <!-- Vessels_planned -->
        <test-method status="PASS" signature="qtysplit()[pri:5, instance:Idlidabba.ERP.VesselPlanner@cc285f4]" name="qtysplit" duration-ms="4767" started-at="2019-04-25T12:58:28Z" finished-at="2019-04-25T12:58:33Z">
          <reporter-output>
          </reporter-output>
        </test-method> <!-- qtysplit -->
        <test-method status="PASS" signature="vessel_planing()[pri:6, instance:Idlidabba.ERP.VesselPlanner@cc285f4]" name="vessel_planing" duration-ms="1966" started-at="2019-04-25T12:58:33Z" finished-at="2019-04-25T12:58:35Z">
          <reporter-output>
          </reporter-output>
        </test-method> <!-- vessel_planing -->
        <test-method status="PASS" signature="vessel_planing2()[pri:7, instance:Idlidabba.ERP.VesselPlanner@cc285f4]" name="vessel_planing2" duration-ms="1930" started-at="2019-04-25T12:58:35Z" finished-at="2019-04-25T12:58:37Z">
          <reporter-output>
          </reporter-output>
        </test-method> <!-- vessel_planing2 -->
        <test-method status="PASS" signature="vessel_planing3()[pri:8, instance:Idlidabba.ERP.VesselPlanner@cc285f4]" name="vessel_planing3" duration-ms="2334" started-at="2019-04-25T12:58:37Z" finished-at="2019-04-25T12:58:39Z">
          <reporter-output>
          </reporter-output>
        </test-method> <!-- vessel_planing3 -->
        <test-method status="PASS" signature="vessel_planing4()[pri:9, instance:Idlidabba.ERP.VesselPlanner@cc285f4]" name="vessel_planing4" duration-ms="2298" started-at="2019-04-25T12:58:39Z" finished-at="2019-04-25T12:58:42Z">
          <reporter-output>
          </reporter-output>
        </test-method> <!-- vessel_planing4 -->
        <test-method status="PASS" signature="Plannedcountcheck()[pri:10, instance:Idlidabba.ERP.VesselPlanner@cc285f4]" name="Plannedcountcheck" duration-ms="3053" started-at="2019-04-25T12:58:42Z" finished-at="2019-04-25T12:58:45Z">
          <reporter-output>
          </reporter-output>
        </test-method> <!-- Plannedcountcheck -->
        <test-method status="PASS" signature="afterTest()[pri:0, instance:Idlidabba.ERP.VesselPlanner@cc285f4]" name="afterTest" is-config="true" duration-ms="2299" started-at="2019-04-25T12:58:45Z" finished-at="2019-04-25T12:58:47Z">
          <reporter-output>
          </reporter-output>
        </test-method> <!-- afterTest -->
      </class> <!-- Idlidabba.ERP.VesselPlanner -->
    </test> <!-- Default test -->
  </suite> <!-- Default suite -->
</testng-results>
